[
  {
    "line": 2,
    "elements": [
      {
        "start_timestamp": "2019-11-06T10:30:08.913Z",
        "line": 13,
        "name": "Successfull login with valid credentials",
        "description": "",
        "id": "login-action;successfull-login-with-valid-credentials;;2",
        "type": "scenario",
        "keyword": "Scenario Outline",
        "steps": [
          {
            "result": {
              "duration": 15451607600,
              "status": "passed"
            },
            "line": 7,
            "name": "navigate to home page",
            "match": {
              "location": "PracticalExam.navigate_to_home_page()"
            },
            "keyword": "Given "
          },
          {
            "result": {
              "error_message": "org.openqa.selenium.NoSuchElementException: no such element: Unable to locate element: {\"method\":\"link text\",\"selector\":\"SignOut\"}\n  (Session info: chrome\u003d78.0.3904.87)\nFor documentation on this error, please visit: https://www.seleniumhq.org/exceptions/no_such_element.html\nBuild info: version: \u00273.141.59\u0027, revision: \u0027e82be7d358\u0027, time: \u00272018-11-14T08:17:03\u0027\nSystem info: host: \u0027BDC4-D-J0FYFD2\u0027, ip: \u002710.187.101.24\u0027, os.name: \u0027Windows 10\u0027, os.arch: \u0027amd64\u0027, os.version: \u002710.0\u0027, java.version: \u00271.8.0_102\u0027\nDriver info: org.openqa.selenium.chrome.ChromeDriver\nCapabilities {acceptInsecureCerts: false, browserName: chrome, browserVersion: 78.0.3904.87, chrome: {chromedriverVersion: 77.0.3865.40 (f484704e052e0..., userDataDir: C:\\Users\\TRAINI~1.15\\AppDat...}, goog:chromeOptions: {debuggerAddress: localhost:60271}, javascriptEnabled: true, networkConnectionEnabled: false, pageLoadStrategy: normal, platform: XP, platformName: XP, proxy: Proxy(), setWindowRect: true, strictFileInteractability: false, timeouts: {implicit: 0, pageLoad: 300000, script: 30000}, unhandledPromptBehavior: dismiss and notify}\nSession ID: bd4509f03f2c374e1a0b9724a409c21d\n*** Element info: {Using\u003dlink text, value\u003dSignOut}\r\n\tat sun.reflect.NativeConstructorAccessorImpl.newInstance0(Native Method)\r\n\tat sun.reflect.NativeConstructorAccessorImpl.newInstance(Unknown Source)\r\n\tat sun.reflect.DelegatingConstructorAccessorImpl.newInstance(Unknown Source)\r\n\tat java.lang.reflect.Constructor.newInstance(Unknown Source)\r\n\tat org.openqa.selenium.remote.http.W3CHttpResponseCodec.createException(W3CHttpResponseCodec.java:187)\r\n\tat org.openqa.selenium.remote.http.W3CHttpResponseCodec.decode(W3CHttpResponseCodec.java:122)\r\n\tat org.openqa.selenium.remote.http.W3CHttpResponseCodec.decode(W3CHttpResponseCodec.java:49)\r\n\tat org.openqa.selenium.remote.HttpCommandExecutor.execute(HttpCommandExecutor.java:158)\r\n\tat org.openqa.selenium.remote.service.DriverCommandExecutor.execute(DriverCommandExecutor.java:83)\r\n\tat org.openqa.selenium.remote.RemoteWebDriver.execute(RemoteWebDriver.java:552)\r\n\tat org.openqa.selenium.remote.RemoteWebDriver.findElement(RemoteWebDriver.java:323)\r\n\tat org.openqa.selenium.remote.RemoteWebDriver.findElementByLinkText(RemoteWebDriver.java:380)\r\n\tat org.openqa.selenium.By$ByLinkText.findElement(By.java:220)\r\n\tat org.openqa.selenium.remote.RemoteWebDriver.findElement(RemoteWebDriver.java:315)\r\n\tat PracticalExam.PracticalExam.user_enters_Lalitha_as_username_and_Password_as_password(PracticalExam.java:33)\r\n\tat ✽.user enters Lalitha as username and Password123 as password(file:src/test/resources/PracticalExam/PracticalExam.feature:8)\r\n",
              "duration": 493555000,
              "status": "failed"
            },
            "line": 8,
            "name": "user enters Lalitha as username and Password123 as password",
            "match": {
              "arguments": [
                {
                  "val": "Lalitha",
                  "offset": 12
                },
                {
                  "val": "Password123",
                  "offset": 36
                }
              ],
              "location": "PracticalExam.user_enters_Lalitha_as_username_and_Password_as_password(String,String)"
            },
            "keyword": "When "
          },
          {
            "result": {
              "duration": 1414100,
              "status": "skipped"
            },
            "line": 9,
            "name": "Message login successfully",
            "match": {
              "location": "PracticalExam.message_login_successfully()"
            },
            "keyword": "Then "
          }
        ],
        "tags": [
          {
            "name": "@start"
          },
          {
            "name": "@valid"
          }
        ]
      },
      {
        "start_timestamp": "2019-11-06T10:30:24.932Z",
        "line": 14,
        "name": "Successfull login with valid credentials",
        "description": "",
        "id": "login-action;successfull-login-with-valid-credentials;;3",
        "type": "scenario",
        "keyword": "Scenario Outline",
        "steps": [
          {
            "result": {
              "duration": 16143831400,
              "status": "passed"
            },
            "line": 7,
            "name": "navigate to home page",
            "match": {
              "location": "PracticalExam.navigate_to_home_page()"
            },
            "keyword": "Given "
          },
          {
            "result": {
              "error_message": "org.openqa.selenium.NoSuchElementException: no such element: Unable to locate element: {\"method\":\"link text\",\"selector\":\"SignOut\"}\n  (Session info: chrome\u003d78.0.3904.87)\nFor documentation on this error, please visit: https://www.seleniumhq.org/exceptions/no_such_element.html\nBuild info: version: \u00273.141.59\u0027, revision: \u0027e82be7d358\u0027, time: \u00272018-11-14T08:17:03\u0027\nSystem info: host: \u0027BDC4-D-J0FYFD2\u0027, ip: \u002710.187.101.24\u0027, os.name: \u0027Windows 10\u0027, os.arch: \u0027amd64\u0027, os.version: \u002710.0\u0027, java.version: \u00271.8.0_102\u0027\nDriver info: org.openqa.selenium.chrome.ChromeDriver\nCapabilities {acceptInsecureCerts: false, browserName: chrome, browserVersion: 78.0.3904.87, chrome: {chromedriverVersion: 77.0.3865.40 (f484704e052e0..., userDataDir: C:\\Users\\TRAINI~1.15\\AppDat...}, goog:chromeOptions: {debuggerAddress: localhost:60295}, javascriptEnabled: true, networkConnectionEnabled: false, pageLoadStrategy: normal, platform: XP, platformName: XP, proxy: Proxy(), setWindowRect: true, strictFileInteractability: false, timeouts: {implicit: 0, pageLoad: 300000, script: 30000}, unhandledPromptBehavior: dismiss and notify}\nSession ID: 12262f9d187997afafc8be1146ed1452\n*** Element info: {Using\u003dlink text, value\u003dSignOut}\r\n\tat sun.reflect.NativeConstructorAccessorImpl.newInstance0(Native Method)\r\n\tat sun.reflect.NativeConstructorAccessorImpl.newInstance(Unknown Source)\r\n\tat sun.reflect.DelegatingConstructorAccessorImpl.newInstance(Unknown Source)\r\n\tat java.lang.reflect.Constructor.newInstance(Unknown Source)\r\n\tat org.openqa.selenium.remote.http.W3CHttpResponseCodec.createException(W3CHttpResponseCodec.java:187)\r\n\tat org.openqa.selenium.remote.http.W3CHttpResponseCodec.decode(W3CHttpResponseCodec.java:122)\r\n\tat org.openqa.selenium.remote.http.W3CHttpResponseCodec.decode(W3CHttpResponseCodec.java:49)\r\n\tat org.openqa.selenium.remote.HttpCommandExecutor.execute(HttpCommandExecutor.java:158)\r\n\tat org.openqa.selenium.remote.service.DriverCommandExecutor.execute(DriverCommandExecutor.java:83)\r\n\tat org.openqa.selenium.remote.RemoteWebDriver.execute(RemoteWebDriver.java:552)\r\n\tat org.openqa.selenium.remote.RemoteWebDriver.findElement(RemoteWebDriver.java:323)\r\n\tat org.openqa.selenium.remote.RemoteWebDriver.findElementByLinkText(RemoteWebDriver.java:380)\r\n\tat org.openqa.selenium.By$ByLinkText.findElement(By.java:220)\r\n\tat org.openqa.selenium.remote.RemoteWebDriver.findElement(RemoteWebDriver.java:315)\r\n\tat PracticalExam.PracticalExam.user_enters_Lalitha_as_username_and_Password_as_password(PracticalExam.java:33)\r\n\tat ✽.user enters Rick as username and Rick123 as password(file:src/test/resources/PracticalExam/PracticalExam.feature:8)\r\n",
              "duration": 252327900,
              "status": "failed"
            },
            "line": 8,
            "name": "user enters Rick as username and Rick123 as password",
            "match": {
              "arguments": [
                {
                  "val": "Rick",
                  "offset": 12
                },
                {
                  "val": "Rick123",
                  "offset": 33
                }
              ],
              "location": "PracticalExam.user_enters_Lalitha_as_username_and_Password_as_password(String,String)"
            },
            "keyword": "When "
          },
          {
            "result": {
              "duration": 607800,
              "status": "skipped"
            },
            "line": 9,
            "name": "Message login successfully",
            "match": {
              "location": "PracticalExam.message_login_successfully()"
            },
            "keyword": "Then "
          }
        ],
        "tags": [
          {
            "name": "@start"
          },
          {
            "name": "@valid"
          }
        ]
      },
      {
        "start_timestamp": "2019-11-06T10:30:41.339Z",
        "line": 15,
        "name": "Successfull login with valid credentials",
        "description": "",
        "id": "login-action;successfull-login-with-valid-credentials;;4",
        "type": "scenario",
        "keyword": "Scenario Outline",
        "steps": [
          {
            "result": {
              "error_message": "org.openqa.selenium.NoSuchWindowException: no such window: target window already closed\nfrom unknown error: web view not found\n  (Session info: chrome\u003d78.0.3904.87)\nBuild info: version: \u00273.141.59\u0027, revision: \u0027e82be7d358\u0027, time: \u00272018-11-14T08:17:03\u0027\nSystem info: host: \u0027BDC4-D-J0FYFD2\u0027, ip: \u002710.187.101.24\u0027, os.name: \u0027Windows 10\u0027, os.arch: \u0027amd64\u0027, os.version: \u002710.0\u0027, java.version: \u00271.8.0_102\u0027\nDriver info: org.openqa.selenium.chrome.ChromeDriver\nCapabilities {acceptInsecureCerts: false, browserName: chrome, browserVersion: 78.0.3904.87, chrome: {chromedriverVersion: 77.0.3865.40 (f484704e052e0..., userDataDir: C:\\Users\\TRAINI~1.15\\AppDat...}, goog:chromeOptions: {debuggerAddress: localhost:60320}, javascriptEnabled: true, networkConnectionEnabled: false, pageLoadStrategy: normal, platform: XP, platformName: XP, proxy: Proxy(), setWindowRect: true, strictFileInteractability: false, timeouts: {implicit: 0, pageLoad: 300000, script: 30000}, unhandledPromptBehavior: dismiss and notify}\nSession ID: 7fc822fa18a95a9ff58047c83fc97c1d\r\n\tat sun.reflect.NativeConstructorAccessorImpl.newInstance0(Native Method)\r\n\tat sun.reflect.NativeConstructorAccessorImpl.newInstance(Unknown Source)\r\n\tat sun.reflect.DelegatingConstructorAccessorImpl.newInstance(Unknown Source)\r\n\tat java.lang.reflect.Constructor.newInstance(Unknown Source)\r\n\tat org.openqa.selenium.remote.http.W3CHttpResponseCodec.createException(W3CHttpResponseCodec.java:187)\r\n\tat org.openqa.selenium.remote.http.W3CHttpResponseCodec.decode(W3CHttpResponseCodec.java:122)\r\n\tat org.openqa.selenium.remote.http.W3CHttpResponseCodec.decode(W3CHttpResponseCodec.java:49)\r\n\tat org.openqa.selenium.remote.HttpCommandExecutor.execute(HttpCommandExecutor.java:158)\r\n\tat org.openqa.selenium.remote.service.DriverCommandExecutor.execute(DriverCommandExecutor.java:83)\r\n\tat org.openqa.selenium.remote.RemoteWebDriver.execute(RemoteWebDriver.java:552)\r\n\tat org.openqa.selenium.remote.RemoteWebDriver.execute(RemoteWebDriver.java:609)\r\n\tat org.openqa.selenium.remote.RemoteWebDriver.getTitle(RemoteWebDriver.java:281)\r\n\tat PracticalExam.PracticalExam.navigate_to_home_page(PracticalExam.java:23)\r\n\tat ✽.navigate to home page(file:src/test/resources/PracticalExam/PracticalExam.feature:7)\r\n",
              "duration": 7988489700,
              "status": "failed"
            },
            "line": 7,
            "name": "navigate to home page",
            "match": {
              "location": "PracticalExam.navigate_to_home_page()"
            },
            "keyword": "Given "
          },
          {
            "result": {
              "duration": 574000,
              "status": "skipped"
            },
            "line": 8,
            "name": "user enters Andrew as username and Andrew123 as password",
            "match": {
              "arguments": [
                {
                  "val": "Andrew",
                  "offset": 12
                },
                {
                  "val": "Andrew123",
                  "offset": 35
                }
              ],
              "location": "PracticalExam.user_enters_Lalitha_as_username_and_Password_as_password(String,String)"
            },
            "keyword": "When "
          },
          {
            "result": {
              "duration": 461400,
              "status": "skipped"
            },
            "line": 9,
            "name": "Message login successfully",
            "match": {
              "location": "PracticalExam.message_login_successfully()"
            },
            "keyword": "Then "
          }
        ],
        "tags": [
          {
            "name": "@start"
          },
          {
            "name": "@valid"
          }
        ]
      }
    ],
    "name": "Login Action",
    "description": "   Test Login Functionality",
    "id": "login-action",
    "keyword": "Feature",
    "uri": "file:src/test/resources/PracticalExam/PracticalExam.feature",
    "tags": [
      {
        "name": "@start",
        "type": "Tag",
        "location": {
          "line": 1,
          "column": 1
        }
      }
    ]
  }
]